<?xml version="1.0" encoding="UTF-8" standalone="no"?>
<testsuite errors="0" failures="0" name="io.cucumber.core.plugin.JUnitFormatter" skipped="0" tests="5" time="47.569">
    <testcase classname="Login Action" name="Successful Login with Valid Credentials" time="12.675">
        <system-out><![CDATA[Given user Launch Chrome Browser............................................passed
When User Open url "https://demo.guru99.com/V4/"............................passed
And User enters mngr440587 and jUpypUd......................................passed
And click on login..........................................................passed
Then Page title should be "Guru99 Bank Manager HomePage"....................passed
Then User LogOut from the Application.......................................passed
]]></system-out>
    </testcase>
    <testcase classname="Login Action" name="check for Invalid" time="6.493">
        <system-out><![CDATA[Then check for Invalid......................................................passed
]]></system-out>
    </testcase>
    <testcase classname="NewCustomer" name="Create the new customer" time="8.15">
        <system-out><![CDATA[Given Login again User enters mngr440587  and jUpypUd.......................passed
When Click On the NewCustomer Button........................................passed
Then Check title " Guru99 Bank New Customer Entry Page "....................passed
]]></system-out>
    </testcase>
    <testcase classname="NewCustomer" name="table Form of new Customer" time="9.45">
        <system-out><![CDATA[Then Enter the CustomerName RsCertds........................................passed
Then Enter the Date 0222022.................................................passed
Then Enter the Address 295 Wisdon streethumdge gardeUSA.....................passed
Then Enter the City NEW YORK................................................passed
Then Enter the State North Eastern USA......................................passed
Then Enter the PIN 452011...................................................passed
Then Enter the MOB 9111911946...............................................passed
Then Enter the Eamil rajatsharma.er@gmail.com...............................passed
When Enter the Password Rajat@123...........................................passed
Then click on submit button.................................................passed
]]></system-out>
    </testcase>
    <testcase classname="NewCustomer" name="Click on edit customer" time="10.326">
        <system-out><![CDATA[Given Click On Edit Customer "50441"........................................passed
Then Update the address NSDL e-Governance Infrastructure Limited Kamala Mills Compound Senapati Bapat Marg Lower Parel Mumbai  400 013.passed
]]></system-out>
    </testcase>
</testsuite>
indowRect: true, strictFileInteractability: false, timeouts: {implicit: 0, pageLoad: 300000, script: 30000}, unhandledPromptBehavior: dismiss and notify, webauthn:extension:credBlob: true, webauthn:extension:largeBlob: true, webauthn:virtualAuthenticators: true}
Session ID: f6162d47cf5c4748ca10609e4cc9ee00
	at java.base/jdk.internal.reflect.NativeConstructorAccessorImpl.newInstance0(Native Method)
	at java.base/jdk.internal.reflect.NativeConstructorAccessorImpl.newInstance(NativeConstructorAccessorImpl.java:77)
	at java.base/jdk.internal.reflect.DelegatingConstructorAccessorImpl.newInstance(DelegatingConstructorAccessorImpl.java:45)
	at java.base/java.lang.reflect.Constructor.newInstanceWithCaller(Constructor.java:499)
	at java.base/java.lang.reflect.Constructor.newInstance(Constructor.java:480)
	at org.openqa.selenium.remote.codec.w3c.W3CHttpResponseCodec.createException(W3CHttpResponseCodec.java:200)
	at org.openqa.selenium.remote.codec.w3c.W3CHttpResponseCodec.decode(W3CHttpResponseCodec.java:133)
	at org.openqa.selenium.remote.codec.w3c.W3CHttpResponseCodec.decode(W3CHttpResponseCodec.java:53)
	at org.openqa.selenium.remote.HttpCommandExecutor.execute(HttpCommandExecutor.java:184)
	at org.openqa.selenium.remote.service.DriverCommandExecutor.invokeExecute(DriverCommandExecutor.java:167)
	at org.openqa.selenium.remote.service.DriverCommandExecutor.execute(DriverCommandExecutor.java:142)
	at org.openqa.selenium.remote.RemoteWebDriver.execute(RemoteWebDriver.java:569)
	at org.openqa.selenium.remote.RemoteWebDriver.execute(RemoteWebDriver.java:624)
	at org.openqa.selenium.remote.RemoteWebDriver.execute(RemoteWebDriver.java:628)
	at org.openqa.selenium.remote.RemoteWebDriver$RemoteTargetLocator.alert(RemoteWebDriver.java:1153)
	at PageObjects.Login.Logout(Login.java:55)
	at StepDefinations.Steps.user_LogOut_from_the_Application(Steps.java:58)
	at ✽.User LogOut from the Application(file:///C:/Users/rajat.s(2608)/git/repository/CucumberDemo/./Features/Login.feature:10)
]]></failure>
    </testcase>
    <testcase classname="Login Action" name="check for Invalid" time="0.408">
        <failure message="Unable to find element with locator By.xpath: //input[@name='uid']&#10;For documentation on this error, please visit: https://selenium.dev/exceptions/#no_such_element&#10;Build info: version: '4.3.0', revision: 'a4995e2c09*'&#10;System info: host: 'CISM538', ip: '192.168.8.29', os.name: 'Windows 10', os.arch: 'amd64', os.version: '10.0', java.version: '17.0.4.1'&#10;Driver info: driver.version: RemoteWebDriver" type="org.openqa.selenium.NoSuchElementException"><![CDATA[Then check for Invalid......................................................failed

StackTrace:
org.openqa.selenium.NoSuchElementException: Unable to find element with locator By.xpath: //input[@name='uid']
For documentation on this error, please visit: https://selenium.dev/exceptions/#no_such_element
Build info: version: '4.3.0', revision: 'a4995e2c09*'
System info: host: 'CISM538', ip: '192.168.8.29', os.name: 'Windows 10', os.arch: 'amd64', os.version: '10.0', java.version: '17.0.4.1'
Driver info: driver.version: RemoteWebDriver
	at org.openqa.selenium.remote.ElementLocation$ElementFinder$2.findElement(ElementLocation.java:165)
	at org.openqa.selenium.remote.ElementLocation.findElement(ElementLocation.java:60)
	at org.openqa.selenium.remote.RemoteWebDriver.findElement(RemoteWebDriver.java:387)
	at org.openqa.selenium.remote.RemoteWebDriver.findElement(RemoteWebDriver.java:379)
	at PageObjects.Login.Invalid(Login.java:59)
	at StepDefinations.Steps.check_for_Invalid(Steps.java:63)
	at ✽.check for Invalid(file:///C:/Users/rajat.s(2608)/git/repository/CucumberDemo/./Features/Login.feature:24)
]]></failure>
    </testcase>
    <testcase classname="NewCustomer" name="Create the new customer" time="0.097">
        <failure message="unexpected alert open: {Alert text : You Have Succesfully Logged Out!!}&#10;  (Session info: chrome=106.0.5249.119): You Have Succesfully Logged Out!!&#10;Build info: version: '4.3.0', revision: 'a4995e2c09*'&#10;System info: host: 'CISM538', ip: '192.168.8.29', os.name: 'Windows 10', os.arch: 'amd64', os.version: '10.0', java.version: '17.0.4.1'&#10;Driver info: org.openqa.selenium.chrome.ChromeDriver&#10;Command: [f6162d47cf5c4748ca10609e4cc9ee00, findElement {using=name, value=uid}]&#10;Capabilities {acceptInsecureCerts: false, browserName: chrome, browserVersion: 106.0.5249.119, chrome: {chromedriverVersion: 105.0.5195.52 (412c95e51883..., userDataDir: C:\Users\RAJAT~1.S(2\AppDat...}, goog:chromeOptions: {debuggerAddress: localhost:62893}, networkConnectionEnabled: false, pageLoadStrategy: normal, platformName: WINDOWS, proxy: Proxy(), se:cdp: ws://localhost:62893/devtoo..., se:cdpVersion: 106.0.5249.119, setWindowRect: true, strictFileInteractability: false, timeouts: {implicit: 0, pageLoad: 300000, script: 30000}, unhandledPromptBehavior: dismiss and notify, webauthn:extension:credBlob: true, webauthn:extension:largeBlob: true, webauthn:virtualAuthenticators: true}&#10;Session ID: f6162d47cf5c4748ca10609e4cc9ee00" type="org.openqa.selenium.UnhandledAlertException"><![CDATA[Given Login again User enters mngr440587  and jUpypUd.......................failed
When Click On the NewCustomer Button........................................skipped
Then Check title " Guru99 Bank New Customer Entry Page "....................skipped

StackTrace:
org.openqa.selenium.UnhandledAlertException: unexpected alert open: {Alert text : You Have Succesfully Logged Out!!}
  (Session info: chrome=106.0.5249.119): You Have Succesfully Logged Out!!
Build info: version: '4.3.0', revision: 'a4995e2c09*'
System info: host: 'CISM538', ip: '192.168.8.29', os.name: 'Windows 10', os.arch: 'amd64', os.version: '10.0', java.version: '17.0.4.1'
Driver info: org.openqa.selenium.chrome.ChromeDriver
Command: [f6162d47cf5c4748ca10609e4cc9ee00, findElement {using=name, value=uid}]
Capabilities {acceptInsecureCerts: false, browserName: chrome, browserVersion: 106.0.5249.119, chrome: {chromedriverVersion: 105.0.5195.52 (412c95e51883..., userDataDir: C:\Users\RAJAT~1.S(2\AppDat...}, goog:chromeOptions: {debuggerAddress: localhost:62893}, networkConnectionEnabled: false, pageLoadStrategy: normal, platformName: WINDOWS, proxy: Proxy(), se:cdp: ws://localhost:62893/devtoo..., se:cdpVersion: 106.0.5249.119, setWindowRect: true, strictFileInteractability: false, timeouts: {implicit: 0, pageLoad: 300000, script: 30000}, unhandledPromptBehavior: dismiss and notify, webauthn:extension:credBlob: true, webauthn:extension:largeBlob: true, webauthn:virtualAuthenticators: true}
Session ID: f6162d47cf5c4748ca10609e4cc9ee00
	at org.openqa.selenium.remote.codec.w3c.W3CHttpResponseCodec.decode(W3CHttpResponseCodec.java:131)
	at org.openqa.selenium.remote.codec.w3c.W3CHttpResponseCodec.decode(W3CHttpResponseCodec.java:53)
	at org.openqa.selenium.remote.HttpCommandExecutor.execute(HttpCommandExecutor.java:184)
	at org.openqa.selenium.remote.service.DriverCommandExecutor.invokeExecute(DriverCommandExecutor.java:167)
	at org.openqa.selenium.remote.service.DriverCommandExecutor.execute(DriverCommandExecutor.java:142)
	at org.openqa.selenium.remote.RemoteWebDriver.execute(RemoteWebDriver.java:569)
	at org.openqa.selenium.remote.ElementLocation$ElementFinder$2.findElement(ElementLocation.java:162)
	at org.openqa.selenium.remote.ElementLocation.findElement(ElementLocation.java:60)
	at org.openqa.selenium.remote.RemoteWebDriver.findElement(RemoteWebDriver.java:387)
	at org.openqa.selenium.remote.RemoteWebDriver.findElement(RemoteWebDriver.java:379)
	at org.openqa.selenium.support.pagefactory.DefaultElementLocator.findElement(DefaultElementLocator.java:70)
	at org.openqa.selenium.support.pagefactory.internal.LocatingElementHandler.invoke(LocatingElementHandler.java:39)
	at jdk.proxy2/jdk.proxy2.$Proxy21.sendKeys(Unknown Source)
	at PageObjects.NewCustomer.setuid(NewCustomer.java:70)
	at StepDefinations.StepNewCustomer.login_again_User_enters_Username_and_password(StepNewCustomer.java:22)
	at ✽.Login again User enters mngr440587  and jUpypUd(file:///C:/Users/rajat.s(2608)/git/repository/CucumberDemo/./Features/NewCustomer.feature:4)
]]></failure>
    </testcase>
    <testcase classname="NewCustomer" name="table Form of new Customer" time="31.28">
        <failure message="no such element: Unable to locate element: {&quot;method&quot;:&quot;xpath&quot;,&quot;selector&quot;:&quot;//input[@name='name']&quot;}&#10;  (Session info: chrome=106.0.5249.119)&#10;For documentation on this error, please visit: https://selenium.dev/exceptions/#no_such_element&#10;Build info: version: '4.3.0', revision: 'a4995e2c09*'&#10;System info: host: 'CISM538', ip: '192.168.8.29', os.name: 'Windows 10', os.arch: 'amd64', os.version: '10.0', java.version: '17.0.4.1'&#10;Driver info: org.openqa.selenium.chrome.ChromeDriver&#10;Command: [f6162d47cf5c4748ca10609e4cc9ee00, findElement {using=xpath, value=//input[@name='name']}]&#10;Capabilities {acceptInsecureCerts: false, browserName: chrome, browserVersion: 106.0.5249.119, chrome: {chromedriverVersion: 105.0.5195.52 (412c95e51883..., userDataDir: C:\Users\RAJAT~1.S(2\AppDat...}, goog:chromeOptions: {debuggerAddress: localhost:62893}, networkConnectionEnabled: false, pageLoadStrategy: normal, platformName: WINDOWS, proxy: Proxy(), se:cdp: ws://localhost:62893/devtoo..., se:cdpVersion: 106.0.5249.119, setWindowRect: true, strictFileInteractability: false, timeouts: {implicit: 0, pageLoad: 300000, script: 30000}, unhandledPromptBehavior: dismiss and notify, webauthn:extension:credBlob: true, webauthn:extension:largeBlob: true, webauthn:virtualAuthenticators: true}&#10;Session ID: f6162d47cf5c4748ca10609e4cc9ee00" type="org.openqa.selenium.NoSuchElementException"><![CDATA[Then Enter the CustomerName RsCertds........................................failed
Then Enter the Date 0222022.................................................skipped
Then Enter the Address 295 Wisdon streethumdge gardeUSA.....................skipped
Then Enter the City NEW YORK................................................skipped
Then Enter the State North Eastern USA......................................skipped
Then Enter the PIN 452011...................................................skipped
Then Enter the MOB 9111911946...............................................skipped
Then Enter the Eamil rajatsharma.er@gmail.com...............................skipped
When Enter the Password Rajat@123...........................................skipped
Then click on submit button.................................................skipped

StackTrace:
org.openqa.selenium.NoSuchElementException: no such element: Unable to locate element: {"method":"xpath","selector":"//input[@name='name']"}
  (Session info: chrome=106.0.5249.119)
For documentation on this error, please visit: https://selenium.dev/exceptions/#no_such_element
Build info: version: '4.3.0', revision: 'a4995e2c09*'
System info: host: 'CISM538', ip: '192.168.8.29', os.name: 'Windows 10', os.arch: 'amd64', os.version: '10.0', java.version: '17.0.4.1'
Driver info: org.openqa.selenium.chrome.ChromeDriver
Command: [f6162d47cf5c4748ca10609e4cc9ee00, findElement {using=xpath, value=//input[@name='name']}]
Capabilities {acceptInsecureCerts: false, browserName: chrome, browserVersion: 106.0.5249.119, chrome: {chromedriverVersion: 105.0.5195.52 (412c95e51883..., userDataDir: C:\Users\RAJAT~1.S(2\AppDat...}, goog:chromeOptions: {debuggerAddress: localhost:62893}, networkConnectionEnabled: false, pageLoadStrategy: normal, platformName: WINDOWS, proxy: Proxy(), se:cdp: ws://localhost:62893/devtoo..., se:cdpVersion: 106.0.5249.119, setWindowRect: true, strictFileInteractability: false, timeouts: {implicit: 0, pageLoad: 300000, script: 30000}, unhandledPromptBehavior: dismiss and notify, webauthn:extension:credBlob: true, webauthn:extension:largeBlob: true, webauthn:virtualAuthenticators: true}
Session ID: f6162d47cf5c4748ca10609e4cc9ee00
	at java.base/jdk.internal.reflect.NativeConstructorAccessorImpl.newInstance0(Native Method)
	at java.base/jdk.internal.reflect.NativeConstructorAccessorImpl.newInstance(NativeConstructorAccessorImpl.java:77)
	at java.base/jdk.internal.reflect.DelegatingConstructorAccessorImpl.newInstance(DelegatingConstructorAccessorImpl.java:45)
	at java.base/java.lang.reflect.Constructor.newInstanceWithCaller(Constructor.java:499)
	at java.base/java.lang.reflect.Constructor.newInstance(Constructor.java:480)
	at org.openqa.selenium.remote.codec.w3c.W3CHttpResponseCodec.createException(W3CHttpResponseCodec.java:200)
	at org.openqa.selenium.remote.codec.w3c.W3CHttpResponseCodec.decode(W3CHttpResponseCodec.java:133)
	at org.openqa.selenium.remote.codec.w3c.W3CHttpResponseCodec.decode(W3CHttpResponseCodec.java:53)
	at org.openqa.selenium.remote.HttpCommandExecutor.execute(HttpCommandExecutor.java:184)
	at org.openqa.selenium.remote.service.DriverCommandExecutor.invokeExecute(DriverCommandExecutor.java:167)
	at org.openqa.selenium.remote.service.DriverCommandExecutor.execute(DriverCommandExecutor.java:142)
	at org.openqa.selenium.remote.RemoteWebDriver.execute(RemoteWebDriver.java:569)
	at org.openqa.selenium.remote.ElementLocation$ElementFinder$2.findElement(ElementLocation.java:162)
	at org.openqa.selenium.remote.ElementLocation.findElement(ElementLocation.java:60)
	at org.openqa.selenium.remote.RemoteWebDriver.findElement(RemoteWebDriver.java:387)
	at org.openqa.selenium.remote.RemoteWebDriver.findElement(RemoteWebDriver.java:379)
	at org.openqa.selenium.support.pagefactory.DefaultElementLocator.findElement(DefaultElementLocator.java:70)
	at org.openqa.selenium.support.pagefactory.internal.LocatingElementHandler.invoke(LocatingElementHandler.java:39)
	at jdk.proxy2/jdk.proxy2.$Proxy21.sendKeys(Unknown Source)
	at PageObjects.NewCustomer.GiveFirstname(NewCustomer.java:85)
	at StepDefinations.StepNewCustomer.enter_the_CustomerName(StepNewCustomer.java:45)
	at ✽.Enter the CustomerName RsCertds(file:///C:/Users/rajat.s(2608)/git/repository/CucumberDemo/./Features/NewCustomer.feature:15)
]]></failure>
    </testcase>
    <testcase classname="NewCustomer" name="Click on edit customer" time="30.09">
        <failure message="no such element: Unable to locate element: {&quot;method&quot;:&quot;xpath&quot;,&quot;selector&quot;:&quot;//a[text()='Edit Customer']&quot;}&#10;  (Session info: chrome=106.0.5249.119)&#10;For documentation on this error, please visit: https://selenium.dev/exceptions/#no_such_element&#10;Build info: version: '4.3.0', revision: 'a4995e2c09*'&#10;System info: host: 'CISM538', ip: '192.168.8.29', os.name: 'Windows 10', os.arch: 'amd64', os.version: '10.0', java.version: '17.0.4.1'&#10;Driver info: org.openqa.selenium.chrome.ChromeDriver&#10;Command: [f6162d47cf5c4748ca10609e4cc9ee00, findElement {using=xpath, value=//a[text()='Edit Customer']}]&#10;Capabilities {acceptInsecureCerts: false, browserName: chrome, browserVersion: 106.0.5249.119, chrome: {chromedriverVersion: 105.0.5195.52 (412c95e51883..., userDataDir: C:\Users\RAJAT~1.S(2\AppDat...}, goog:chromeOptions: {debuggerAddress: localhost:62893}, networkConnectionEnabled: false, pageLoadStrategy: normal, platformName: WINDOWS, proxy: Proxy(), se:cdp: ws://localhost:62893/devtoo..., se:cdpVersion: 106.0.5249.119, setWindowRect: true, strictFileInteractability: false, timeouts: {implicit: 0, pageLoad: 300000, script: 30000}, unhandledPromptBehavior: dismiss and notify, webauthn:extension:credBlob: true, webauthn:extension:largeBlob: true, webauthn:virtualAuthenticators: true}&#10;Session ID: f6162d47cf5c4748ca10609e4cc9ee00" type="org.openqa.selenium.NoSuchElementException"><![CDATA[Given Click On Edit Customer "50441"........................................failed
Then Update the address NSDL e-Governance Infrastructure Limited Kamala Mills Compound Senapati Bapat Marg Lower Parel Mumbai  400 013.skipped

StackTrace:
org.openqa.selenium.NoSuchElementException: no such element: Unable to locate element: {"method":"xpath","selector":"//a[text()='Edit Customer']"}
  (Session info: chrome=106.0.5249.119)
For documentation on this error, please visit: https://selenium.dev/exceptions/#no_such_element
Build info: version: '4.3.0', revision: 'a4995e2c09*'
System info: host: 'CISM538', ip: '192.168.8.29', os.name: 'Windows 10', os.arch: 'amd64', os.version: '10.0', java.version: '17.0.4.1'
Driver info: org.openqa.selenium.chrome.ChromeDriver
Command: [f6162d47cf5c4748ca10609e4cc9ee00, findElement {using=xpath, value=//a[text()='Edit Customer']}]
Capabilities {acceptInsecureCerts: false, browserName: chrome, browserVersion: 106.0.5249.119, chrome: {chromedriverVersion: 105.0.5195.52 (412c95e51883..., userDataDir: C:\Users\RAJAT~1.S(2\AppDat...}, goog:chromeOptions: {debuggerAddress: localhost:62893}, networkConnectionEnabled: false, pageLoadStrategy: normal, platformName: WINDOWS, proxy: Proxy(), se:cdp: ws://localhost:62893/devtoo..., se:cdpVersion: 106.0.5249.119, setWindowRect: true, strictFileInteractability: false, timeouts: {implicit: 0, pageLoad: 300000, script: 30000}, unhandledPromptBehavior: dismiss and notify, webauthn:extension:credBlob: true, webauthn:extension:largeBlob: true, webauthn:virtualAuthenticators: true}
Session ID: f6162d47cf5c4748ca10609e4cc9ee00
	at java.base/jdk.internal.reflect.NativeConstructorAccessorImpl.newInstance0(Native Method)
	at java.base/jdk.internal.reflect.NativeConstructorAccessorImpl.newInstance(NativeConstructorAccessorImpl.java:77)
	at java.base/jdk.internal.reflect.DelegatingConstructorAccessorImpl.newInstance(DelegatingConstructorAccessorImpl.java:45)
	at java.base/java.lang.reflect.Constructor.newInstanceWithCaller(Constructor.java:499)
	at java.base/java.lang.reflect.Constructor.newInstance(Constructor.java:480)
	at org.openqa.selenium.remote.codec.w3c.W3CHttpResponseCodec.createException(W3CHttpResponseCodec.java:200)
	at org.openqa.selenium.remote.codec.w3c.W3CHttpResponseCodec.decode(W3CHttpResponseCodec.java:133)
	at org.openqa.selenium.remote.codec.w3c.W3CHttpResponseCodec.decode(W3CHttpResponseCodec.java:53)
	at org.openqa.selenium.remote.HttpCommandExecutor.execute(HttpCommandExecutor.java:184)
	at org.openqa.selenium.remote.service.DriverCommandExecutor.invokeExecute(DriverCommandExecutor.java:167)
	at org.openqa.selenium.remote.service.DriverCommandExecutor.execute(DriverCommandExecutor.java:142)
	at org.openqa.selenium.remote.RemoteWebDriver.execute(RemoteWebDriver.java:569)
	at org.openqa.selenium.remote.ElementLocation$ElementFinder$2.findElement(ElementLocation.java:162)
	at org.openqa.selenium.remote.ElementLocation.findElement(ElementLocation.java:60)
	at org.openqa.selenium.remote.RemoteWebDriver.findElement(RemoteWebDriver.java:387)
	at org.openqa.selenium.remote.RemoteWebDriver.findElement(RemoteWebDriver.java:379)
	at PageObjects.EditCustomer.clickCustomerName(EditCustomer.java:20)
	at StepDefinations.StepClickEdit.click_On_Edit_Customer(StepClickEdit.java:11)
	at ✽.Click On Edit Customer "50441"(file:///C:/Users/rajat.s(2608)/git/repository/CucumberDemo/./Features/NewCustomer.feature:34)
]]></failure>
    </testcase>
</testsuite>
